root - WARNING - This will get logged to a file
root - WARNING - This is a warning message
root - ERROR - This is an error message
root - CRITICAL - This is a critical message
root - WARNING - This will get logged to a file
root - WARNING - This is a warning message
root - ERROR - This is an error message
root - CRITICAL - This is a critical message
root - WARNING - This will get logged to a file
root - WARNING - This is a warning message
root - ERROR - This is an error message
root - CRITICAL - This is a critical message
root - ERROR - Exception occurred
Traceback (most recent call last):
  File "C:\Users\Citrusbug\Desktop\python learnig\python file\loger.py", line 16, in <module>
    c = a / b
ZeroDivisionError: division by zero
root - WARNING - This will get logged to a file
root - WARNING - This is a warning message
root - ERROR - This is an error message
root - CRITICAL - This is a critical message
root - ERROR - Exception occurred
Traceback (most recent call last):
  File "C:\Users\Citrusbug\Desktop\python learnig\python file\loger.py", line 16, in <module>
    c = a / b
ZeroDivisionError: division by zero
